<?xml version="1.0" encoding="UTF-8"?>
<testsuite xmlns:xsi="http://www.w3.org/2001/XMLSchema-instance" xsi:noNamespaceSchemaLocation="https://maven.apache.org/surefire/maven-surefire-plugin/xsd/surefire-test-report-3.0.xsd" version="3.0" name="runner.CucumberTest" time="13.56" tests="7" errors="0" skipped="0" failures="0">
  <properties>
    <property name="java.specification.version" value="17"/>
    <property name="sun.cpu.isalist" value="amd64"/>
    <property name="sun.jnu.encoding" value="Cp1252"/>
    <property name="java.class.path" value="D:\projects\api-test-cucumbr\target\test-classes;D:\projects\api-test-cucumbr\target\classes;C:\Users\hassa\.m2\repository\org\junit\jupiter\junit-jupiter\5.10.2\junit-jupiter-5.10.2.jar;C:\Users\hassa\.m2\repository\org\junit\jupiter\junit-jupiter-api\5.10.2\junit-jupiter-api-5.10.2.jar;C:\Users\hassa\.m2\repository\org\opentest4j\opentest4j\1.3.0\opentest4j-1.3.0.jar;C:\Users\hassa\.m2\repository\org\junit\platform\junit-platform-commons\1.10.2\junit-platform-commons-1.10.2.jar;C:\Users\hassa\.m2\repository\org\junit\jupiter\junit-jupiter-params\5.10.2\junit-jupiter-params-5.10.2.jar;C:\Users\hassa\.m2\repository\org\junit\jupiter\junit-jupiter-engine\5.10.2\junit-jupiter-engine-5.10.2.jar;C:\Users\hassa\.m2\repository\io\cucumber\cucumber-java\7.14.0\cucumber-java-7.14.0.jar;C:\Users\hassa\.m2\repository\io\cucumber\cucumber-core\7.14.0\cucumber-core-7.14.0.jar;C:\Users\hassa\.m2\repository\io\cucumber\cucumber-gherkin\7.14.0\cucumber-gherkin-7.14.0.jar;C:\Users\hassa\.m2\repository\io\cucumber\cucumber-gherkin-messages\7.14.0\cucumber-gherkin-messages-7.14.0.jar;C:\Users\hassa\.m2\repository\io\cucumber\gherkin\26.2.0\gherkin-26.2.0.jar;C:\Users\hassa\.m2\repository\io\cucumber\messages\22.0.0\messages-22.0.0.jar;C:\Users\hassa\.m2\repository\io\cucumber\tag-expressions\5.0.6\tag-expressions-5.0.6.jar;C:\Users\hassa\.m2\repository\io\cucumber\cucumber-expressions\16.1.2\cucumber-expressions-16.1.2.jar;C:\Users\hassa\.m2\repository\io\cucumber\datatable\7.14.0\datatable-7.14.0.jar;C:\Users\hassa\.m2\repository\io\cucumber\cucumber-plugin\7.14.0\cucumber-plugin-7.14.0.jar;C:\Users\hassa\.m2\repository\io\cucumber\docstring\7.14.0\docstring-7.14.0.jar;C:\Users\hassa\.m2\repository\io\cucumber\html-formatter\20.4.0\html-formatter-20.4.0.jar;C:\Users\hassa\.m2\repository\io\cucumber\junit-xml-formatter\0.2.0\junit-xml-formatter-0.2.0.jar;C:\Users\hassa\.m2\repository\io\cucumber\ci-environment\9.2.0\ci-environment-9.2.0.jar;C:\Users\hassa\.m2\repository\org\apiguardian\apiguardian-api\1.1.2\apiguardian-api-1.1.2.jar;C:\Users\hassa\.m2\repository\io\cucumber\cucumber-junit-platform-engine\7.14.0\cucumber-junit-platform-engine-7.14.0.jar;C:\Users\hassa\.m2\repository\org\junit\platform\junit-platform-engine\1.10.0\junit-platform-engine-1.10.0.jar;C:\Users\hassa\.m2\repository\org\junit\platform\junit-platform-suite\1.10.2\junit-platform-suite-1.10.2.jar;C:\Users\hassa\.m2\repository\org\junit\platform\junit-platform-suite-api\1.10.2\junit-platform-suite-api-1.10.2.jar;C:\Users\hassa\.m2\repository\org\junit\platform\junit-platform-suite-engine\1.10.2\junit-platform-suite-engine-1.10.2.jar;C:\Users\hassa\.m2\repository\org\junit\platform\junit-platform-suite-commons\1.10.2\junit-platform-suite-commons-1.10.2.jar;C:\Users\hassa\.m2\repository\org\junit\platform\junit-platform-launcher\1.10.2\junit-platform-launcher-1.10.2.jar;C:\Users\hassa\.m2\repository\io\rest-assured\rest-assured\5.4.0\rest-assured-5.4.0.jar;C:\Users\hassa\.m2\repository\org\apache\groovy\groovy\4.0.16\groovy-4.0.16.jar;C:\Users\hassa\.m2\repository\org\apache\groovy\groovy-xml\4.0.16\groovy-xml-4.0.16.jar;C:\Users\hassa\.m2\repository\org\apache\httpcomponents\httpclient\4.5.13\httpclient-4.5.13.jar;C:\Users\hassa\.m2\repository\org\apache\httpcomponents\httpcore\4.4.13\httpcore-4.4.13.jar;C:\Users\hassa\.m2\repository\commons-logging\commons-logging\1.2\commons-logging-1.2.jar;C:\Users\hassa\.m2\repository\commons-codec\commons-codec\1.11\commons-codec-1.11.jar;C:\Users\hassa\.m2\repository\org\apache\httpcomponents\httpmime\4.5.13\httpmime-4.5.13.jar;C:\Users\hassa\.m2\repository\org\ccil\cowan\tagsoup\tagsoup\1.2.1\tagsoup-1.2.1.jar;C:\Users\hassa\.m2\repository\io\rest-assured\json-path\5.4.0\json-path-5.4.0.jar;C:\Users\hassa\.m2\repository\org\apache\groovy\groovy-json\4.0.16\groovy-json-4.0.16.jar;C:\Users\hassa\.m2\repository\io\rest-assured\rest-assured-common\5.4.0\rest-assured-common-5.4.0.jar;C:\Users\hassa\.m2\repository\io\rest-assured\xml-path\5.4.0\xml-path-5.4.0.jar;C:\Users\hassa\.m2\repository\org\apache\commons\commons-lang3\3.11\commons-lang3-3.11.jar;C:\Users\hassa\.m2\repository\org\hamcrest\hamcrest\2.2\hamcrest-2.2.jar;"/>
    <property name="java.vm.vendor" value="Eclipse Adoptium"/>
    <property name="sun.arch.data.model" value="64"/>
    <property name="user.variant" value=""/>
    <property name="java.vendor.url" value="https://adoptium.net/"/>
    <property name="mvnd.terminalWidth" value="126"/>
    <property name="user.timezone" value="Asia/Karachi"/>
    <property name="os.name" value="Windows 11"/>
    <property name="java.vm.specification.version" value="17"/>
    <property name="sun.java.launcher" value="SUN_STANDARD"/>
    <property name="user.country" value="US"/>
    <property name="sun.boot.library.path" value="C:\Program Files\Eclipse Adoptium\jdk-17.0.15.6-hotspot\bin"/>
    <property name="sun.java.command" value="C:\Users\hassa\AppData\Local\Temp\surefire9305023892510980126\surefirebooter-20250703220618019_102.jar C:\Users\hassa\AppData\Local\Temp\surefire9305023892510980126 2025-07-03T19-20-25_117-jvmRun1 surefire-20250703220618019_100tmp surefire_9-20250703220618019_101tmp"/>
    <property name="jdk.debug" value="release"/>
    <property name="surefire.test.class.path" value="D:\projects\api-test-cucumbr\target\test-classes;D:\projects\api-test-cucumbr\target\classes;C:\Users\hassa\.m2\repository\org\junit\jupiter\junit-jupiter\5.10.2\junit-jupiter-5.10.2.jar;C:\Users\hassa\.m2\repository\org\junit\jupiter\junit-jupiter-api\5.10.2\junit-jupiter-api-5.10.2.jar;C:\Users\hassa\.m2\repository\org\opentest4j\opentest4j\1.3.0\opentest4j-1.3.0.jar;C:\Users\hassa\.m2\repository\org\junit\platform\junit-platform-commons\1.10.2\junit-platform-commons-1.10.2.jar;C:\Users\hassa\.m2\repository\org\junit\jupiter\junit-jupiter-params\5.10.2\junit-jupiter-params-5.10.2.jar;C:\Users\hassa\.m2\repository\org\junit\jupiter\junit-jupiter-engine\5.10.2\junit-jupiter-engine-5.10.2.jar;C:\Users\hassa\.m2\repository\io\cucumber\cucumber-java\7.14.0\cucumber-java-7.14.0.jar;C:\Users\hassa\.m2\repository\io\cucumber\cucumber-core\7.14.0\cucumber-core-7.14.0.jar;C:\Users\hassa\.m2\repository\io\cucumber\cucumber-gherkin\7.14.0\cucumber-gherkin-7.14.0.jar;C:\Users\hassa\.m2\repository\io\cucumber\cucumber-gherkin-messages\7.14.0\cucumber-gherkin-messages-7.14.0.jar;C:\Users\hassa\.m2\repository\io\cucumber\gherkin\26.2.0\gherkin-26.2.0.jar;C:\Users\hassa\.m2\repository\io\cucumber\messages\22.0.0\messages-22.0.0.jar;C:\Users\hassa\.m2\repository\io\cucumber\tag-expressions\5.0.6\tag-expressions-5.0.6.jar;C:\Users\hassa\.m2\repository\io\cucumber\cucumber-expressions\16.1.2\cucumber-expressions-16.1.2.jar;C:\Users\hassa\.m2\repository\io\cucumber\datatable\7.14.0\datatable-7.14.0.jar;C:\Users\hassa\.m2\repository\io\cucumber\cucumber-plugin\7.14.0\cucumber-plugin-7.14.0.jar;C:\Users\hassa\.m2\repository\io\cucumber\docstring\7.14.0\docstring-7.14.0.jar;C:\Users\hassa\.m2\repository\io\cucumber\html-formatter\20.4.0\html-formatter-20.4.0.jar;C:\Users\hassa\.m2\repository\io\cucumber\junit-xml-formatter\0.2.0\junit-xml-formatter-0.2.0.jar;C:\Users\hassa\.m2\repository\io\cucumber\ci-environment\9.2.0\ci-environment-9.2.0.jar;C:\Users\hassa\.m2\repository\org\apiguardian\apiguardian-api\1.1.2\apiguardian-api-1.1.2.jar;C:\Users\hassa\.m2\repository\io\cucumber\cucumber-junit-platform-engine\7.14.0\cucumber-junit-platform-engine-7.14.0.jar;C:\Users\hassa\.m2\repository\org\junit\platform\junit-platform-engine\1.10.0\junit-platform-engine-1.10.0.jar;C:\Users\hassa\.m2\repository\org\junit\platform\junit-platform-suite\1.10.2\junit-platform-suite-1.10.2.jar;C:\Users\hassa\.m2\repository\org\junit\platform\junit-platform-suite-api\1.10.2\junit-platform-suite-api-1.10.2.jar;C:\Users\hassa\.m2\repository\org\junit\platform\junit-platform-suite-engine\1.10.2\junit-platform-suite-engine-1.10.2.jar;C:\Users\hassa\.m2\repository\org\junit\platform\junit-platform-suite-commons\1.10.2\junit-platform-suite-commons-1.10.2.jar;C:\Users\hassa\.m2\repository\org\junit\platform\junit-platform-launcher\1.10.2\junit-platform-launcher-1.10.2.jar;C:\Users\hassa\.m2\repository\io\rest-assured\rest-assured\5.4.0\rest-assured-5.4.0.jar;C:\Users\hassa\.m2\repository\org\apache\groovy\groovy\4.0.16\groovy-4.0.16.jar;C:\Users\hassa\.m2\repository\org\apache\groovy\groovy-xml\4.0.16\groovy-xml-4.0.16.jar;C:\Users\hassa\.m2\repository\org\apache\httpcomponents\httpclient\4.5.13\httpclient-4.5.13.jar;C:\Users\hassa\.m2\repository\org\apache\httpcomponents\httpcore\4.4.13\httpcore-4.4.13.jar;C:\Users\hassa\.m2\repository\commons-logging\commons-logging\1.2\commons-logging-1.2.jar;C:\Users\hassa\.m2\repository\commons-codec\commons-codec\1.11\commons-codec-1.11.jar;C:\Users\hassa\.m2\repository\org\apache\httpcomponents\httpmime\4.5.13\httpmime-4.5.13.jar;C:\Users\hassa\.m2\repository\org\ccil\cowan\tagsoup\tagsoup\1.2.1\tagsoup-1.2.1.jar;C:\Users\hassa\.m2\repository\io\rest-assured\json-path\5.4.0\json-path-5.4.0.jar;C:\Users\hassa\.m2\repository\org\apache\groovy\groovy-json\4.0.16\groovy-json-4.0.16.jar;C:\Users\hassa\.m2\repository\io\rest-assured\rest-assured-common\5.4.0\rest-assured-common-5.4.0.jar;C:\Users\hassa\.m2\repository\io\rest-assured\xml-path\5.4.0\xml-path-5.4.0.jar;C:\Users\hassa\.m2\repository\org\apache\commons\commons-lang3\3.11\commons-lang3-3.11.jar;C:\Users\hassa\.m2\repository\org\hamcrest\hamcrest\2.2\hamcrest-2.2.jar;"/>
    <property name="sun.cpu.endian" value="little"/>
    <property name="user.home" value="C:\Users\hassa"/>
    <property name="user.language" value="en"/>
    <property name="java.specification.vendor" value="Oracle Corporation"/>
    <property name="java.version.date" value="2025-04-15"/>
    <property name="java.home" value="C:\Program Files\Eclipse Adoptium\jdk-17.0.15.6-hotspot"/>
    <property name="file.separator" value="\"/>
    <property name="style.color" value="always"/>
    <property name="basedir" value="D:\projects\api-test-cucumbr"/>
    <property name="java.vm.compressedOopsMode" value="Zero based"/>
    <property name="line.separator" value="&#10;"/>
    <property name="java.vm.specification.vendor" value="Oracle Corporation"/>
    <property name="java.specification.name" value="Java Platform API Specification"/>
    <property name="surefire.real.class.path" value="C:\Users\hassa\AppData\Local\Temp\surefire9305023892510980126\surefirebooter-20250703220618019_102.jar"/>
    <property name="user.script" value=""/>
    <property name="sun.management.compiler" value="HotSpot 64-Bit Tiered Compilers"/>
    <property name="java.runtime.version" value="17.0.15+6"/>
    <property name="user.name" value="hassa"/>
    <property name="path.separator" value=";"/>
    <property name="os.version" value="10.0"/>
    <property name="java.runtime.name" value="OpenJDK Runtime Environment"/>
    <property name="file.encoding" value="Cp1252"/>
    <property name="java.vm.name" value="OpenJDK 64-Bit Server VM"/>
    <property name="java.vendor.version" value="Temurin-17.0.15+6"/>
    <property name="localRepository" value="C:\Users\hassa\.m2\repository"/>
    <property name="java.vendor.url.bug" value="https://github.com/adoptium/adoptium-support/issues"/>
    <property name="java.io.tmpdir" value="C:\Users\hassa\AppData\Local\Temp\"/>
    <property name="java.version" value="17.0.15"/>
    <property name="user.dir" value="D:\projects\api-test-cucumbr"/>
    <property name="os.arch" value="amd64"/>
    <property name="maven.multiModuleProjectDirectory" value="D:\projects\api-test-cucumbr"/>
    <property name="java.vm.specification.name" value="Java Virtual Machine Specification"/>
    <property name="sun.os.patch.level" value=""/>
    <property name="native.encoding" value="Cp1252"/>
    <property name="java.library.path" value="C:\Program Files\Eclipse Adoptium\jdk-17.0.15.6-hotspot\bin;C:\WINDOWS\Sun\Java\bin;C:\WINDOWS\system32;C:\WINDOWS;C:\Program Files\Eclipse Adoptium\jdk-17.0.15.6-hotspot\bin;C:\WINDOWS\system32;C:\WINDOWS;C:\WINDOWS\System32\Wbem;C:\WINDOWS\System32\WindowsPowerShell\v1.0\;C:\WINDOWS\System32\OpenSSH\;C:\Program Files\dotnet\;C:\Program Files\nodejs\;C:\Program Files\Microsoft SQL Server\150\Tools\Binn\;C:\Program Files\Microsoft SQL Server\Client SDK\ODBC\170\Tools\Binn\;C:\Program Files (x86)\Microsoft SQL Server\150\Tools\Binn\;C:\Program Files (x86)\Microsoft SQL Server\150\DTS\Binn\;C:\Program Files\Microsoft SQL Server\150\DTS\Binn\;C:\Program Files\Azure Data Studio\bin;C:\Program Files (x86)\Microsoft SQL Server\160\DTS\Binn\;c:\Users\hassa\AppData\Local\Programs\cursor\resources\app\bin;C:\Program Files\Amazon\AWSCLIV2\;C:\Program Files\Apache\Maven\maven-mvnd-1.0.2-windows-amd64\bin;C:\Program Files\Eclipse Adoptium\jdk-17.0.15.6-hotspot\bin;C:\Users\hassa\AppData\Local\Programs\Python\Python313\Scripts\;C:\Users\hassa\AppData\Local\Programs\Python\Python313\;C:\Users\hassa\AppData\Local\Programs\Python\Launcher\;C:\Users\hassa\AppData\Local\Microsoft\WindowsApps;C:\Users\hassa\AppData\Roaming\npm;C:\Users\hassa\AppData\Local\GitHubDesktop\bin;C:\Users\hassa\.dotnet\tools;C:\Users\hassa\AppData\Local\Programs\Microsoft VS Code\bin;C:\Program Files\Azure Data Studio\bin;C:\Users\hassa\AppData\Local\Programs\cursor\resources\app\bin;C:\Users\hassa\AppData\Local\Microsoft\WinGet\Packages\astral-sh.uv_Microsoft.Winget.Source_8wekyb3d8bbwe;C:\Users\hassa\AppData\Local\Programs\Python\Python313;C:\Users\hassa\AppData\Local\Programs\Python\Python313\Scripts;C:\Program Files\Apache\Maven\maven-mvnd-1.0.2-windows-amd64\bin;C:\Program Files\Eclipse Adoptium\jdk-17.0.15.6-hotspot\bin;;c:\Users\hassa\AppData\Roaming\Code\User\globalStorage\github.copilot-chat\debugCommand;."/>
    <property name="java.vm.info" value="mixed mode, sharing"/>
    <property name="java.vendor" value="Eclipse Adoptium"/>
    <property name="java.vm.version" value="17.0.15+6"/>
    <property name="java.specification.maintenance.version" value="1"/>
    <property name="sun.io.unicode.encoding" value="UnicodeLittle"/>
    <property name="java.class.version" value="61.0"/>
  </properties>
  <testcase name="Verify status code and response time" classname="API GET request to ibltest endpoint" time="4.899">
    <system-out><![CDATA[
Scenario: Verify status code and response time                           &amp#27;[90m# features/scenario1.feature:3&amp#27;[0m
  &amp#27;[32mGiven &amp#27;[0m&amp#27;[32mI make a GET request to &amp#27;[0m&amp#27;[32m&amp#27;[1m"https://testapi.io/api/RMSTest/ibltest"&amp#27;[0m &amp#27;[90m# stepdefinitions.ApiSteps.i_make_a_get_request(java.lang.String)&amp#27;[0m
  &amp#27;[32mThen &amp#27;[0m&amp#27;[32mthe response code should be &amp#27;[0m&amp#27;[32m&amp#27;[1m200&amp#27;[0m                                   &amp#27;[90m# stepdefinitions.ApiSteps.the_response_code_should_be(int)&amp#27;[0m
Actual response time: 2683 ms
  &amp#27;[32mAnd &amp#27;[0m&amp#27;[32mthe response time should be below &amp#27;[0m&amp#27;[32m&amp#27;[1m3000&amp#27;[0m&amp#27;[32m milliseconds&amp#27;[0m                &amp#27;[90m# stepdefinitions.ApiSteps.the_response_time_should_be_below(int)&amp#27;[0m
]]></system-out>
  </testcase>
  <testcase name="Check &apos;id&apos; and &apos;episode.type&apos;" classname="Validate data integrity and type" time="2.505">
    <system-out><![CDATA[
Scenario: Check 'id' and 'episode.type'                                  &amp#27;[90m# features/scenario2.feature:3&amp#27;[0m
  &amp#27;[32mGiven &amp#27;[0m&amp#27;[32mI make a GET request to &amp#27;[0m&amp#27;[32m&amp#27;[1m"https://testapi.io/api/RMSTest/ibltest"&amp#27;[0m &amp#27;[90m# stepdefinitions.ApiSteps.i_make_a_get_request(java.lang.String)&amp#27;[0m
  &amp#27;[32mThen &amp#27;[0m&amp#27;[32meach item in the data array should have a non-empty &amp#27;[0m&amp#27;[32m&amp#27;[1m"id"&amp#27;[0m          &amp#27;[90m# stepdefinitions.ApiSteps.each_item_in_the_data_array_should_have_a_non_empty(java.lang.String)&amp#27;[0m
  &amp#27;[32mAnd &amp#27;[0m&amp#27;[32meach item should have &amp#27;[0m&amp#27;[32m&amp#27;[1m"episode.type"&amp#27;[0m&amp#27;[32m equal to &amp#27;[0m&amp#27;[32m&amp#27;[1m"episode"&amp#27;[0m            &amp#27;[90m# stepdefinitions.ApiSteps.each_item_should_have_equal_to(java.lang.String,java.lang.String)&amp#27;[0m
]]></system-out>
  </testcase>
  <testcase name="Check &apos;episode.title&apos; is never empty" classname="Validate episode title" time="1.083">
    <system-out><![CDATA[
Scenario: Check 'episode.title' is never empty                           &amp#27;[90m# features/scenario3.feature:3&amp#27;[0m
  &amp#27;[32mGiven &amp#27;[0m&amp#27;[32mI make a GET request to &amp#27;[0m&amp#27;[32m&amp#27;[1m"https://testapi.io/api/RMSTest/ibltest"&amp#27;[0m &amp#27;[90m# stepdefinitions.ApiSteps.i_make_a_get_request(java.lang.String)&amp#27;[0m
  &amp#27;[32mThen &amp#27;[0m&amp#27;[32meach item should have a non-empty &amp#27;[0m&amp#27;[32m&amp#27;[1m"episode.title"&amp#27;[0m                 &amp#27;[90m# stepdefinitions.ApiSteps.each_item_should_have_a_non_empty(java.lang.String)&amp#27;[0m
]]></system-out>
  </testcase>
  <testcase name="Check only one live episode exists" classname="Validate only one live episode" time="1.089">
    <system-out><![CDATA[
Scenario: Check only one live episode exists                             &amp#27;[90m# features/scenario4.feature:3&amp#27;[0m
  &amp#27;[32mGiven &amp#27;[0m&amp#27;[32mI make a GET request to &amp#27;[0m&amp#27;[32m&amp#27;[1m"https://testapi.io/api/RMSTest/ibltest"&amp#27;[0m &amp#27;[90m# stepdefinitions.ApiSteps.i_make_a_get_request(java.lang.String)&amp#27;[0m
  &amp#27;[32mThen &amp#27;[0m&amp#27;[32monly one item should have &amp#27;[0m&amp#27;[32m&amp#27;[1m"episode.live"&amp#27;[0m&amp#27;[32m equal to true&amp#27;[0m            &amp#27;[90m# stepdefinitions.ApiSteps.only_one_item_should_have_equal_to_true(java.lang.String)&amp#27;[0m
]]></system-out>
  </testcase>
  <testcase name="Start date should be before end date" classname="Validate transmission dates" time="1.17">
    <system-out><![CDATA[
Scenario: Start date should be before end date                              &amp#27;[90m# features/scenario5.feature:3&amp#27;[0m
  &amp#27;[32mGiven &amp#27;[0m&amp#27;[32mI make a GET request to &amp#27;[0m&amp#27;[32m&amp#27;[1m"https://testapi.io/api/RMSTest/ibltest"&amp#27;[0m    &amp#27;[90m# stepdefinitions.ApiSteps.i_make_a_get_request(java.lang.String)&amp#27;[0m
  &amp#27;[32mThen &amp#27;[0m&amp#27;[32meach item should have &amp#27;[0m&amp#27;[32m&amp#27;[1m"transmission_start"&amp#27;[0m&amp#27;[32m before &amp#27;[0m&amp#27;[32m&amp#27;[1m"transmission_end"&amp#27;[0m &amp#27;[90m# stepdefinitions.ApiSteps.each_item_should_have_before(java.lang.String,java.lang.String)&amp#27;[0m
]]></system-out>
  </testcase>
  <testcase name="Check &apos;Date&apos; header exists" classname="Validate response header date" time="0.934">
    <system-out><![CDATA[
Scenario: Check 'Date' header exists                                     &amp#27;[90m# features/scenario6.feature:3&amp#27;[0m
  &amp#27;[32mGiven &amp#27;[0m&amp#27;[32mI make a GET request to &amp#27;[0m&amp#27;[32m&amp#27;[1m"https://testapi.io/api/RMSTest/ibltest"&amp#27;[0m &amp#27;[90m# stepdefinitions.ApiSteps.i_make_a_get_request(java.lang.String)&amp#27;[0m
  &amp#27;[32mThen &amp#27;[0m&amp#27;[32mthe response should contain a &amp#27;[0m&amp#27;[32m&amp#27;[1m"Date"&amp#27;[0m&amp#27;[32m header&amp#27;[0m                       &amp#27;[90m# stepdefinitions.ApiSteps.the_response_should_contain_a_header(java.lang.String)&amp#27;[0m
]]></system-out>
  </testcase>
  <testcase name="Verify response for invalid date" classname="Validate 404 and error object for invalid date" time="0.82">
    <system-out><![CDATA[
Scenario: Verify response for invalid date                                          &amp#27;[90m# features/scenario7.feature:3&amp#27;[0m
  &amp#27;[32mGiven &amp#27;[0m&amp#27;[32mI make a GET request to &amp#27;[0m&amp#27;[32m&amp#27;[1m"https://testapi.io/api/RMSTest/ibltest/2023-09-11"&amp#27;[0m &amp#27;[90m# stepdefinitions.ApiSteps.i_make_a_get_request(java.lang.String)&amp#27;[0m
  &amp#27;[32mThen &amp#27;[0m&amp#27;[32mthe response code should be &amp#27;[0m&amp#27;[32m&amp#27;[1m404&amp#27;[0m                                              &amp#27;[90m# stepdefinitions.ApiSteps.the_response_code_should_be(int)&amp#27;[0m
  &amp#27;[32mAnd &amp#27;[0m&amp#27;[32mthe response body should &amp#27;[0m&amp#27;[32m&amp#27;[1m"contain"&amp#27;[0m&amp#27;[32m &amp#27;[0m&amp#27;[32m&amp#27;[1m"details"&amp#27;[0m&amp#27;[32m and &amp#27;[0m&amp#27;[32m&amp#27;[1m"http_response_code"&amp#27;[0m         &amp#27;[90m# stepdefinitions.ApiSteps.the_response_body_should_and(java.lang.String,java.lang.String,java.lang.String)&amp#27;[0m
]]></system-out>
  </testcase>
</testsuite>